Started GET "/" for 127.0.0.1 at 2018-03-25 17:46:32 -0700
  
ActiveRecord::PendingMigrationError (

Migrations are pending. To resolve this issue, run:

        bin/rails db:migrate RAILS_ENV=development

):
  
activerecord (5.1.4) lib/active_record/migration.rb:576:in `check_pending!'
activerecord (5.1.4) lib/active_record/migration.rb:553:in `call'
actionpack (5.1.4) lib/action_dispatch/middleware/callbacks.rb:26:in `block in call'
activesupport (5.1.4) lib/active_support/callbacks.rb:97:in `run_callbacks'
actionpack (5.1.4) lib/action_dispatch/middleware/callbacks.rb:24:in `call'
actionpack (5.1.4) lib/action_dispatch/middleware/executor.rb:12:in `call'
actionpack (5.1.4) lib/action_dispatch/middleware/debug_exceptions.rb:59:in `call'
web-console (3.5.1) lib/web_console/middleware.rb:135:in `call_app'
web-console (3.5.1) lib/web_console/middleware.rb:28:in `block in call'
web-console (3.5.1) lib/web_console/middleware.rb:18:in `catch'
web-console (3.5.1) lib/web_console/middleware.rb:18:in `call'
actionpack (5.1.4) lib/action_dispatch/middleware/show_exceptions.rb:31:in `call'
railties (5.1.4) lib/rails/rack/logger.rb:36:in `call_app'
railties (5.1.4) lib/rails/rack/logger.rb:24:in `block in call'
activesupport (5.1.4) lib/active_support/tagged_logging.rb:69:in `block in tagged'
activesupport (5.1.4) lib/active_support/tagged_logging.rb:26:in `tagged'
activesupport (5.1.4) lib/active_support/tagged_logging.rb:69:in `tagged'
railties (5.1.4) lib/rails/rack/logger.rb:24:in `call'
sprockets-rails (3.2.1) lib/sprockets/rails/quiet_assets.rb:13:in `call'
actionpack (5.1.4) lib/action_dispatch/middleware/remote_ip.rb:79:in `call'
actionpack (5.1.4) lib/action_dispatch/middleware/request_id.rb:25:in `call'
rack (2.0.4) lib/rack/method_override.rb:22:in `call'
rack (2.0.4) lib/rack/runtime.rb:22:in `call'
activesupport (5.1.4) lib/active_support/cache/strategy/local_cache_middleware.rb:27:in `call'
actionpack (5.1.4) lib/action_dispatch/middleware/executor.rb:12:in `call'
actionpack (5.1.4) lib/action_dispatch/middleware/static.rb:125:in `call'
rack (2.0.4) lib/rack/sendfile.rb:111:in `call'
railties (5.1.4) lib/rails/engine.rb:522:in `call'
puma (3.11.2) lib/puma/configuration.rb:225:in `call'
puma (3.11.2) lib/puma/server.rb:624:in `handle_request'
puma (3.11.2) lib/puma/server.rb:438:in `process_client'
puma (3.11.2) lib/puma/server.rb:302:in `block in run'
puma (3.11.2) lib/puma/thread_pool.rb:120:in `block in spawn_thread'
  [1m[35m (0.1ms)[0m  [1m[34mSELECT sqlite_version(*)[0m
  [1m[35m (2.6ms)[0m  [1m[35mCREATE TABLE "schema_migrations" ("version" varchar NOT NULL PRIMARY KEY)[0m
  [1m[35m (2.0ms)[0m  [1m[35mCREATE TABLE "ar_internal_metadata" ("key" varchar NOT NULL PRIMARY KEY, "value" varchar, "created_at" datetime NOT NULL, "updated_at" datetime NOT NULL)[0m
  [1m[35m (0.1ms)[0m  [1m[34mSELECT "schema_migrations"."version" FROM "schema_migrations" ORDER BY "schema_migrations"."version" ASC[0m
Migrating to CreatePlayers (20180210070133)
  [1m[35m (0.0ms)[0m  [1m[36mbegin transaction[0m
  [1m[35m (0.2ms)[0m  [1m[35mCREATE TABLE "players" ("id" INTEGER PRIMARY KEY AUTOINCREMENT NOT NULL, "title" text, "text" text, "created_at" datetime NOT NULL, "updated_at" datetime NOT NULL)[0m
  [1m[35mSQL (0.1ms)[0m  [1m[32mINSERT INTO "schema_migrations" ("version") VALUES (?)[0m  [["version", "20180210070133"]]
  [1m[35m (1.6ms)[0m  [1m[36mcommit transaction[0m
Migrating to FixPlayersColumns (20180211090308)
  [1m[35m (0.0ms)[0m  [1m[36mbegin transaction[0m
  [1m[35m (0.2ms)[0m  [1m[35mALTER TABLE "players" ADD "last_name" varchar[0m
  [1m[35m (0.1ms)[0m  [1m[35mALTER TABLE "players" ADD "password" varchar[0m
  [1m[35m (0.1ms)[0m  [1m[35mCREATE TEMPORARY TABLE "aplayers" ("id" INTEGER PRIMARY KEY AUTOINCREMENT NOT NULL, "title" text DEFAULT NULL, "text" text DEFAULT NULL, "created_at" datetime NOT NULL, "updated_at" datetime NOT NULL, "last_name" varchar DEFAULT NULL, "password" varchar DEFAULT NULL)[0m
  [1m[35m (0.1ms)[0m  [1m[32mINSERT INTO "aplayers" ("id","title","text","created_at","updated_at","last_name","password")
                     SELECT "id","title","text","created_at","updated_at","last_name","password" FROM "players"[0m
  [1m[35m (0.1ms)[0m  [1m[35mDROP TABLE "players"[0m
  [1m[35m (0.1ms)[0m  [1m[35mCREATE TABLE "players" ("id" INTEGER PRIMARY KEY AUTOINCREMENT NOT NULL, "title" varchar DEFAULT NULL, "text" text DEFAULT NULL, "created_at" datetime NOT NULL, "updated_at" datetime NOT NULL, "last_name" varchar DEFAULT NULL, "password" varchar DEFAULT NULL)[0m
  [1m[35m (0.1ms)[0m  [1m[32mINSERT INTO "players" ("id","title","text","created_at","updated_at","last_name","password")
                     SELECT "id","title","text","created_at","updated_at","last_name","password" FROM "aplayers"[0m
  [1m[35m (0.1ms)[0m  [1m[35mDROP TABLE "aplayers"[0m
  [1m[35m (0.1ms)[0m  [1m[35mCREATE TEMPORARY TABLE "aplayers" ("id" INTEGER PRIMARY KEY AUTOINCREMENT NOT NULL, "title" varchar DEFAULT NULL, "text" text DEFAULT NULL, "created_at" datetime NOT NULL, "updated_at" datetime NOT NULL, "last_name" varchar DEFAULT NULL, "password" varchar DEFAULT NULL)[0m
  [1m[35m (7.1ms)[0m  [1m[32mINSERT INTO "aplayers" ("id","title","text","created_at","updated_at","last_name","password")
                     SELECT "id","title","text","created_at","updated_at","last_name","password" FROM "players"[0m
  [1m[35m (0.1ms)[0m  [1m[35mDROP TABLE "players"[0m
  [1m[35m (0.1ms)[0m  [1m[35mCREATE TABLE "players" ("id" INTEGER PRIMARY KEY AUTOINCREMENT NOT NULL, "title" varchar DEFAULT NULL, "text" varchar DEFAULT NULL, "created_at" datetime NOT NULL, "updated_at" datetime NOT NULL, "last_name" varchar DEFAULT NULL, "password" varchar DEFAULT NULL)[0m
  [1m[35m (0.1ms)[0m  [1m[32mINSERT INTO "players" ("id","title","text","created_at","updated_at","last_name","password")
                     SELECT "id","title","text","created_at","updated_at","last_name","password" FROM "aplayers"[0m
  [1m[35m (0.1ms)[0m  [1m[35mDROP TABLE "aplayers"[0m
  [1m[35m (0.1ms)[0m  [1m[35mCREATE TEMPORARY TABLE "aplayers" ("id" INTEGER PRIMARY KEY AUTOINCREMENT NOT NULL, "first_name" varchar DEFAULT NULL, "text" varchar DEFAULT NULL, "created_at" datetime NOT NULL, "updated_at" datetime NOT NULL, "last_name" varchar DEFAULT NULL, "password" varchar DEFAULT NULL)[0m
  [1m[35m (0.1ms)[0m  [1m[32mINSERT INTO "aplayers" ("id","first_name","text","created_at","updated_at","last_name","password")
                     SELECT "id","title","text","created_at","updated_at","last_name","password" FROM "players"[0m
  [1m[35m (0.1ms)[0m  [1m[35mDROP TABLE "players"[0m
  [1m[35m (0.1ms)[0m  [1m[35mCREATE TABLE "players" ("id" INTEGER PRIMARY KEY AUTOINCREMENT NOT NULL, "first_name" varchar DEFAULT NULL, "text" varchar DEFAULT NULL, "created_at" datetime NOT NULL, "updated_at" datetime NOT NULL, "last_name" varchar DEFAULT NULL, "password" varchar DEFAULT NULL)[0m
  [1m[35m (0.1ms)[0m  [1m[32mINSERT INTO "players" ("id","first_name","text","created_at","updated_at","last_name","password")
                     SELECT "id","first_name","text","created_at","updated_at","last_name","password" FROM "aplayers"[0m
  [1m[35m (0.1ms)[0m  [1m[35mDROP TABLE "aplayers"[0m
  [1m[35m (0.1ms)[0m  [1m[35mCREATE TEMPORARY TABLE "aplayers" ("id" INTEGER PRIMARY KEY AUTOINCREMENT NOT NULL, "first_name" varchar DEFAULT NULL, "email" varchar DEFAULT NULL, "created_at" datetime NOT NULL, "updated_at" datetime NOT NULL, "last_name" varchar DEFAULT NULL, "password" varchar DEFAULT NULL)[0m
  [1m[35m (0.1ms)[0m  [1m[32mINSERT INTO "aplayers" ("id","first_name","email","created_at","updated_at","last_name","password")
                     SELECT "id","first_name","text","created_at","updated_at","last_name","password" FROM "players"[0m
  [1m[35m (0.1ms)[0m  [1m[35mDROP TABLE "players"[0m
  [1m[35m (0.1ms)[0m  [1m[35mCREATE TABLE "players" ("id" INTEGER PRIMARY KEY AUTOINCREMENT NOT NULL, "first_name" varchar DEFAULT NULL, "email" varchar DEFAULT NULL, "created_at" datetime NOT NULL, "updated_at" datetime NOT NULL, "last_name" varchar DEFAULT NULL, "password" varchar DEFAULT NULL)[0m
  [1m[35m (0.1ms)[0m  [1m[32mINSERT INTO "players" ("id","first_name","email","created_at","updated_at","last_name","password")
                     SELECT "id","first_name","email","created_at","updated_at","last_name","password" FROM "aplayers"[0m
  [1m[35m (0.1ms)[0m  [1m[35mDROP TABLE "aplayers"[0m
  [1m[35mSQL (0.1ms)[0m  [1m[32mINSERT INTO "schema_migrations" ("version") VALUES (?)[0m  [["version", "20180211090308"]]
  [1m[35m (8.0ms)[0m  [1m[36mcommit transaction[0m
Migrating to AddColumnsToPlayer (20180212010339)
  [1m[35m (0.0ms)[0m  [1m[36mbegin transaction[0m
  [1m[35m (0.2ms)[0m  [1m[35mALTER TABLE "players" ADD "admin" boolean[0m
  [1m[35m (0.1ms)[0m  [1m[35mALTER TABLE "players" ADD "username" varchar[0m
  [1m[35mSQL (0.1ms)[0m  [1m[32mINSERT INTO "schema_migrations" ("version") VALUES (?)[0m  [["version", "20180212010339"]]
  [1m[35m (8.4ms)[0m  [1m[36mcommit transaction[0m
Migrating to AddRememberDigestToPlayers (20180214195957)
  [1m[35m (0.0ms)[0m  [1m[36mbegin transaction[0m
  [1m[35m (0.3ms)[0m  [1m[35mALTER TABLE "players" ADD "remember_digest" varchar[0m
  [1m[35mSQL (0.1ms)[0m  [1m[32mINSERT INTO "schema_migrations" ("version") VALUES (?)[0m  [["version", "20180214195957"]]
  [1m[35m (1.3ms)[0m  [1m[36mcommit transaction[0m
Migrating to CreateTerritories (20180312014216)
  [1m[35m (0.0ms)[0m  [1m[36mbegin transaction[0m
  [1m[35m (0.2ms)[0m  [1m[35mCREATE TABLE "territories" ("id" INTEGER PRIMARY KEY AUTOINCREMENT NOT NULL, "coords" varchar, "time" varchar, "area" varchar, "center_lng" float, "center_lat" float, "player_id" integer, "created_at" datetime NOT NULL, "updated_at" datetime NOT NULL)[0m
  [1m[35mSQL (0.1ms)[0m  [1m[32mINSERT INTO "schema_migrations" ("version") VALUES (?)[0m  [["version", "20180312014216"]]
  [1m[35m (15.0ms)[0m  [1m[36mcommit transaction[0m
Migrating to AddScoreToPlayer (20180312161137)
  [1m[35m (0.0ms)[0m  [1m[36mbegin transaction[0m
  [1m[35m (0.3ms)[0m  [1m[35mALTER TABLE "players" ADD "score" float[0m
  [1m[35mSQL (0.1ms)[0m  [1m[32mINSERT INTO "schema_migrations" ("version") VALUES (?)[0m  [["version", "20180312161137"]]
  [1m[35m (4.7ms)[0m  [1m[36mcommit transaction[0m
Migrating to FixAreaColumn (20180313071337)
  [1m[35m (0.1ms)[0m  [1m[36mbegin transaction[0m
  [1m[35m (0.1ms)[0m  [1m[35mCREATE TEMPORARY TABLE "aterritories" ("id" INTEGER PRIMARY KEY AUTOINCREMENT NOT NULL, "coords" varchar DEFAULT NULL, "time" varchar DEFAULT NULL, "area" varchar DEFAULT NULL, "center_lng" float DEFAULT NULL, "center_lat" float DEFAULT NULL, "player_id" integer DEFAULT NULL, "created_at" datetime NOT NULL, "updated_at" datetime NOT NULL)[0m
  [1m[35m (0.1ms)[0m  [1m[32mINSERT INTO "aterritories" ("id","coords","time","area","center_lng","center_lat","player_id","created_at","updated_at")
                     SELECT "id","coords","time","area","center_lng","center_lat","player_id","created_at","updated_at" FROM "territories"[0m
  [1m[35m (0.1ms)[0m  [1m[35mDROP TABLE "territories"[0m
  [1m[35m (0.1ms)[0m  [1m[35mCREATE TABLE "territories" ("id" INTEGER PRIMARY KEY AUTOINCREMENT NOT NULL, "coords" varchar DEFAULT NULL, "time" varchar DEFAULT NULL, "center_lng" float DEFAULT NULL, "center_lat" float DEFAULT NULL, "player_id" integer DEFAULT NULL, "created_at" datetime NOT NULL, "updated_at" datetime NOT NULL)[0m
  [1m[35m (0.1ms)[0m  [1m[32mINSERT INTO "territories" ("id","coords","time","center_lng","center_lat","player_id","created_at","updated_at")
                     SELECT "id","coords","time","center_lng","center_lat","player_id","created_at","updated_at" FROM "aterritories"[0m
  [1m[35m (0.1ms)[0m  [1m[35mDROP TABLE "aterritories"[0m
  [1m[35mSQL (0.1ms)[0m  [1m[32mINSERT INTO "schema_migrations" ("version") VALUES (?)[0m  [["version", "20180313071337"]]
  [1m[35m (1.8ms)[0m  [1m[36mcommit transaction[0m
Migrating to CreateNewColumn (20180313071445)
  [1m[35m (0.0ms)[0m  [1m[36mbegin transaction[0m
  [1m[35m (0.2ms)[0m  [1m[35mALTER TABLE "territories" ADD "area" float[0m
  [1m[35mSQL (0.1ms)[0m  [1m[32mINSERT INTO "schema_migrations" ("version") VALUES (?)[0m  [["version", "20180313071445"]]
  [1m[35m (1.3ms)[0m  [1m[36mcommit transaction[0m
Migrating to FixScoreColumn (20180313071757)
  [1m[35m (0.0ms)[0m  [1m[36mbegin transaction[0m
  [1m[35m (0.2ms)[0m  [1m[35mCREATE TEMPORARY TABLE "aplayers" ("id" INTEGER PRIMARY KEY AUTOINCREMENT NOT NULL, "first_name" varchar DEFAULT NULL, "email" varchar DEFAULT NULL, "created_at" datetime NOT NULL, "updated_at" datetime NOT NULL, "last_name" varchar DEFAULT NULL, "password" varchar DEFAULT NULL, "admin" boolean DEFAULT NULL, "username" varchar DEFAULT NULL, "remember_digest" varchar DEFAULT NULL, "score" float DEFAULT NULL)[0m
  [1m[35m (0.1ms)[0m  [1m[32mINSERT INTO "aplayers" ("id","first_name","email","created_at","updated_at","last_name","password","admin","username","remember_digest","score")
                     SELECT "id","first_name","email","created_at","updated_at","last_name","password","admin","username","remember_digest","score" FROM "players"[0m
  [1m[35m (0.2ms)[0m  [1m[35mDROP TABLE "players"[0m
  [1m[35m (0.1ms)[0m  [1m[35mCREATE TABLE "players" ("id" INTEGER PRIMARY KEY AUTOINCREMENT NOT NULL, "first_name" varchar DEFAULT NULL, "email" varchar DEFAULT NULL, "created_at" datetime NOT NULL, "updated_at" datetime NOT NULL, "last_name" varchar DEFAULT NULL, "password" varchar DEFAULT NULL, "admin" boolean DEFAULT NULL, "username" varchar DEFAULT NULL, "remember_digest" varchar DEFAULT NULL, "score" float DEFAULT NULL)[0m
  [1m[35m (0.1ms)[0m  [1m[32mINSERT INTO "players" ("id","first_name","email","created_at","updated_at","last_name","password","admin","username","remember_digest","score")
                     SELECT "id","first_name","email","created_at","updated_at","last_name","password","admin","username","remember_digest","score" FROM "aplayers"[0m
  [1m[35m (0.1ms)[0m  [1m[35mDROP TABLE "aplayers"[0m
  [1m[35mSQL (0.1ms)[0m  [1m[32mINSERT INTO "schema_migrations" ("version") VALUES (?)[0m  [["version", "20180313071757"]]
  [1m[35m (5.6ms)[0m  [1m[36mcommit transaction[0m
Migrating to AddRankToPlayers (20180320223258)
  [1m[35m (0.1ms)[0m  [1m[36mbegin transaction[0m
  [1m[35m (0.2ms)[0m  [1m[35mALTER TABLE "players" ADD "rank" integer[0m
  [1m[35mSQL (0.1ms)[0m  [1m[32mINSERT INTO "schema_migrations" ("version") VALUES (?)[0m  [["version", "20180320223258"]]
  [1m[35m (1.3ms)[0m  [1m[36mcommit transaction[0m
  [1m[36mActiveRecord::InternalMetadata Load (0.1ms)[0m  [1m[34mSELECT  "ar_internal_metadata".* FROM "ar_internal_metadata" WHERE "ar_internal_metadata"."key" = ? LIMIT ?[0m  [["key", "environment"], ["LIMIT", 1]]
  [1m[35m (0.0ms)[0m  [1m[36mbegin transaction[0m
  [1m[35mSQL (0.1ms)[0m  [1m[32mINSERT INTO "ar_internal_metadata" ("key", "value", "created_at", "updated_at") VALUES (?, ?, ?, ?)[0m  [["key", "environment"], ["value", "development"], ["created_at", "2018-03-26 00:46:47.041936"], ["updated_at", "2018-03-26 00:46:47.041936"]]
  [1m[35m (8.4ms)[0m  [1m[36mcommit transaction[0m
  [1m[35m (0.1ms)[0m  [1m[34mSELECT "schema_migrations"."version" FROM "schema_migrations" ORDER BY "schema_migrations"."version" ASC[0m
Started GET "/" for 127.0.0.1 at 2018-03-25 17:46:55 -0700
  [1m[35m (0.2ms)[0m  [1m[34mSELECT "schema_migrations"."version" FROM "schema_migrations" ORDER BY "schema_migrations"."version" ASC[0m
Processing by StaticPagesController#home as HTML
  [1m[36mPlayer Load (0.1ms)[0m  [1m[34mSELECT  "players".* FROM "players" WHERE "players"."id" = ? LIMIT ?[0m  [["id", 1], ["LIMIT", 1]]
  Rendering static_pages/home.html.erb within layouts/application
  Rendered layouts/_header.html.erb (1.0ms)
  Rendered static_pages/home.html.erb within layouts/application (216.1ms)
Completed 200 OK in 7265ms (Views: 7237.4ms | ActiveRecord: 0.4ms)


Started GET "/cable" for 127.0.0.1 at 2018-03-25 17:47:03 -0700
Started GET "/cable/" [WebSocket] for 127.0.0.1 at 2018-03-25 17:47:03 -0700
Successfully upgraded to WebSocket (REQUEST_METHOD: GET, HTTP_CONNECTION: keep-alive, Upgrade, HTTP_UPGRADE: websocket)
CaptureChannel is transmitting the subscription confirmation
CaptureChannel is streaming from capture_channel
Finished "/cable/" [WebSocket] for 127.0.0.1 at 2018-03-25 17:47:27 -0700
CaptureChannel stopped streaming from capture_channel
Started POST "/login" for 127.0.0.1 at 2018-03-25 17:47:27 -0700
Processing by SessionsController#create as HTML
  Parameters: {"utf8"=>"✓", "authenticity_token"=>"rSDlzI4WbPLbONRe2C7GKX53Rc142L4rZ/B471fkD5XP6faFrNX1HpzAnH+GSvZXQqQI/LwXJN5VKmToBjXT8w==", "session"=>{"email"=>"phabibi@sfu.ca", "password"=>"[FILTERED]"}, "commit"=>"Log in"}
  [1m[36mPlayer Load (0.2ms)[0m  [1m[34mSELECT  "players".* FROM "players" WHERE "players"."email" = ? LIMIT ?[0m  [["email", "phabibi@sfu.ca"], ["LIMIT", 1]]
  Rendering sessions/new.html.erb within layouts/application
  Rendered sessions/new.html.erb within layouts/application (1.5ms)
Completed 200 OK in 242ms (Views: 238.5ms | ActiveRecord: 0.2ms)


Started GET "/cable" for 127.0.0.1 at 2018-03-25 17:47:27 -0700
Started GET "/cable/" [WebSocket] for 127.0.0.1 at 2018-03-25 17:47:27 -0700
Successfully upgraded to WebSocket (REQUEST_METHOD: GET, HTTP_CONNECTION: keep-alive, Upgrade, HTTP_UPGRADE: websocket)
CaptureChannel is transmitting the subscription confirmation
CaptureChannel is streaming from capture_channel
Finished "/cable/" [WebSocket] for 127.0.0.1 at 2018-03-25 17:47:29 -0700
CaptureChannel stopped streaming from capture_channel
Started GET "/cable" for 127.0.0.1 at 2018-03-25 17:47:30 -0700
Started GET "/cable/" [WebSocket] for 127.0.0.1 at 2018-03-25 17:47:30 -0700
Successfully upgraded to WebSocket (REQUEST_METHOD: GET, HTTP_CONNECTION: keep-alive, Upgrade, HTTP_UPGRADE: websocket)
CaptureChannel is transmitting the subscription confirmation
CaptureChannel is streaming from capture_channel
Finished "/cable/" [WebSocket] for 127.0.0.1 at 2018-03-25 17:47:51 -0700
CaptureChannel stopped streaming from capture_channel
Started POST "/login" for 127.0.0.1 at 2018-03-25 17:47:51 -0700
Processing by SessionsController#create as HTML
  Parameters: {"utf8"=>"✓", "authenticity_token"=>"rSDlzI4WbPLbONRe2C7GKX53Rc142L4rZ/B471fkD5XP6faFrNX1HpzAnH+GSvZXQqQI/LwXJN5VKmToBjXT8w==", "session"=>{"email"=>"phabibi@sfu.com", "password"=>"[FILTERED]"}, "commit"=>"Log in"}
  [1m[36mPlayer Load (0.1ms)[0m  [1m[34mSELECT  "players".* FROM "players" WHERE "players"."email" = ? LIMIT ?[0m  [["email", "phabibi@sfu.com"], ["LIMIT", 1]]
  Rendering sessions/new.html.erb within layouts/application
  Rendered sessions/new.html.erb within layouts/application (5.3ms)
Completed 200 OK in 308ms (Views: 307.0ms | ActiveRecord: 0.1ms)


Started GET "/cable" for 127.0.0.1 at 2018-03-25 17:47:52 -0700
Started GET "/cable/" [WebSocket] for 127.0.0.1 at 2018-03-25 17:47:52 -0700
Successfully upgraded to WebSocket (REQUEST_METHOD: GET, HTTP_CONNECTION: keep-alive, Upgrade, HTTP_UPGRADE: websocket)
CaptureChannel is transmitting the subscription confirmation
CaptureChannel is streaming from capture_channel
Finished "/cable/" [WebSocket] for 127.0.0.1 at 2018-03-25 17:47:55 -0700
CaptureChannel stopped streaming from capture_channel
Started GET "/cable" for 127.0.0.1 at 2018-03-25 17:47:58 -0700
Started GET "/cable/" [WebSocket] for 127.0.0.1 at 2018-03-25 17:47:58 -0700
Successfully upgraded to WebSocket (REQUEST_METHOD: GET, HTTP_CONNECTION: keep-alive, Upgrade, HTTP_UPGRADE: websocket)
CaptureChannel is transmitting the subscription confirmation
CaptureChannel is streaming from capture_channel
Finished "/cable/" [WebSocket] for 127.0.0.1 at 2018-03-25 17:47:59 -0700
CaptureChannel stopped streaming from capture_channel
Started GET "/cable" for 127.0.0.1 at 2018-03-25 17:48:00 -0700
Started GET "/cable/" [WebSocket] for 127.0.0.1 at 2018-03-25 17:48:00 -0700
Successfully upgraded to WebSocket (REQUEST_METHOD: GET, HTTP_CONNECTION: keep-alive, Upgrade, HTTP_UPGRADE: websocket)
CaptureChannel is transmitting the subscription confirmation
CaptureChannel is streaming from capture_channel
Finished "/cable/" [WebSocket] for 127.0.0.1 at 2018-03-25 18:20:56 -0700
CaptureChannel stopped streaming from capture_channel
Started GET "/cable" for 127.0.0.1 at 2018-03-25 18:20:56 -0700
Started GET "/cable/" [WebSocket] for 127.0.0.1 at 2018-03-25 18:20:56 -0700
Successfully upgraded to WebSocket (REQUEST_METHOD: GET, HTTP_CONNECTION: keep-alive, Upgrade, HTTP_UPGRADE: websocket)
CaptureChannel is transmitting the subscription confirmation
CaptureChannel is streaming from capture_channel
Finished "/cable/" [WebSocket] for 127.0.0.1 at 2018-03-26 01:49:12 -0700
CaptureChannel stopped streaming from capture_channel
Started GET "/cable" for 127.0.0.1 at 2018-03-26 01:49:12 -0700
Started GET "/cable/" [WebSocket] for 127.0.0.1 at 2018-03-26 01:49:12 -0700
Successfully upgraded to WebSocket (REQUEST_METHOD: GET, HTTP_CONNECTION: keep-alive, Upgrade, HTTP_UPGRADE: websocket)
CaptureChannel is transmitting the subscription confirmation
CaptureChannel is streaming from capture_channel
Finished "/cable/" [WebSocket] for 127.0.0.1 at 2018-03-27 22:59:51 -0700
CaptureChannel stopped streaming from capture_channel
Started GET "/cable" for 127.0.0.1 at 2018-03-27 22:59:52 -0700
Started GET "/cable/" [WebSocket] for 127.0.0.1 at 2018-03-27 22:59:52 -0700
Successfully upgraded to WebSocket (REQUEST_METHOD: GET, HTTP_CONNECTION: keep-alive, Upgrade, HTTP_UPGRADE: websocket)
CaptureChannel is transmitting the subscription confirmation
CaptureChannel is streaming from capture_channel
Finished "/cable/" [WebSocket] for 127.0.0.1 at 2018-03-28 21:39:58 -0700
CaptureChannel stopped streaming from capture_channel
Started GET "/cable" for 127.0.0.1 at 2018-03-28 21:39:59 -0700
Started GET "/cable/" [WebSocket] for 127.0.0.1 at 2018-03-28 21:39:59 -0700
Successfully upgraded to WebSocket (REQUEST_METHOD: GET, HTTP_CONNECTION: keep-alive, Upgrade, HTTP_UPGRADE: websocket)
CaptureChannel is transmitting the subscription confirmation
CaptureChannel is streaming from capture_channel
Finished "/cable/" [WebSocket] for 127.0.0.1 at 2018-04-01 13:13:05 -0700
CaptureChannel stopped streaming from capture_channel
Started GET "/" for 127.0.0.1 at 2018-04-01 13:16:53 -0700
  [1m[35m (4.1ms)[0m  [1m[34mSELECT "schema_migrations"."version" FROM "schema_migrations" ORDER BY "schema_migrations"."version" ASC[0m
  
ActiveRecord::PendingMigrationError (

Migrations are pending. To resolve this issue, run:

        bin/rails db:migrate RAILS_ENV=development

):
  
activerecord (5.1.4) lib/active_record/migration.rb:576:in `check_pending!'
activerecord (5.1.4) lib/active_record/migration.rb:553:in `call'
actionpack (5.1.4) lib/action_dispatch/middleware/callbacks.rb:26:in `block in call'
activesupport (5.1.4) lib/active_support/callbacks.rb:97:in `run_callbacks'
actionpack (5.1.4) lib/action_dispatch/middleware/callbacks.rb:24:in `call'
actionpack (5.1.4) lib/action_dispatch/middleware/executor.rb:12:in `call'
actionpack (5.1.4) lib/action_dispatch/middleware/debug_exceptions.rb:59:in `call'
web-console (3.5.1) lib/web_console/middleware.rb:135:in `call_app'
web-console (3.5.1) lib/web_console/middleware.rb:28:in `block in call'
web-console (3.5.1) lib/web_console/middleware.rb:18:in `catch'
web-console (3.5.1) lib/web_console/middleware.rb:18:in `call'
actionpack (5.1.4) lib/action_dispatch/middleware/show_exceptions.rb:31:in `call'
railties (5.1.4) lib/rails/rack/logger.rb:36:in `call_app'
railties (5.1.4) lib/rails/rack/logger.rb:24:in `block in call'
activesupport (5.1.4) lib/active_support/tagged_logging.rb:69:in `block in tagged'
activesupport (5.1.4) lib/active_support/tagged_logging.rb:26:in `tagged'
activesupport (5.1.4) lib/active_support/tagged_logging.rb:69:in `tagged'
railties (5.1.4) lib/rails/rack/logger.rb:24:in `call'
sprockets-rails (3.2.1) lib/sprockets/rails/quiet_assets.rb:13:in `call'
actionpack (5.1.4) lib/action_dispatch/middleware/remote_ip.rb:79:in `call'
actionpack (5.1.4) lib/action_dispatch/middleware/request_id.rb:25:in `call'
rack (2.0.4) lib/rack/method_override.rb:22:in `call'
rack (2.0.4) lib/rack/runtime.rb:22:in `call'
activesupport (5.1.4) lib/active_support/cache/strategy/local_cache_middleware.rb:27:in `call'
actionpack (5.1.4) lib/action_dispatch/middleware/executor.rb:12:in `call'
actionpack (5.1.4) lib/action_dispatch/middleware/static.rb:125:in `call'
rack (2.0.4) lib/rack/sendfile.rb:111:in `call'
railties (5.1.4) lib/rails/engine.rb:522:in `call'
puma (3.11.2) lib/puma/configuration.rb:225:in `call'
puma (3.11.2) lib/puma/server.rb:624:in `handle_request'
puma (3.11.2) lib/puma/server.rb:438:in `process_client'
puma (3.11.2) lib/puma/server.rb:302:in `block in run'
puma (3.11.2) lib/puma/thread_pool.rb:120:in `block in spawn_thread'
  [1m[35m (0.1ms)[0m  [1m[34mSELECT "schema_migrations"."version" FROM "schema_migrations" ORDER BY "schema_migrations"."version" ASC[0m
Migrating to AddNameAttrToTerritory (20180319044335)
  [1m[35m (0.0ms)[0m  [1m[36mbegin transaction[0m
  [1m[35m (0.7ms)[0m  [1m[35mALTER TABLE "territories" ADD "username" varchar[0m
  [1m[35mSQL (0.1ms)[0m  [1m[32mINSERT INTO "schema_migrations" ("version") VALUES (?)[0m  [["version", "20180319044335"]]
  [1m[35m (1.8ms)[0m  [1m[36mcommit transaction[0m
  [1m[36mActiveRecord::InternalMetadata Load (0.1ms)[0m  [1m[34mSELECT  "ar_internal_metadata".* FROM "ar_internal_metadata" WHERE "ar_internal_metadata"."key" = ? LIMIT ?[0m  [["key", "environment"], ["LIMIT", 1]]
  [1m[35m (0.1ms)[0m  [1m[36mbegin transaction[0m
  [1m[35m (0.0ms)[0m  [1m[36mcommit transaction[0m
  [1m[35m (0.1ms)[0m  [1m[34mSELECT "schema_migrations"."version" FROM "schema_migrations" ORDER BY "schema_migrations"."version" ASC[0m
Started GET "/" for 127.0.0.1 at 2018-04-01 13:17:16 -0700
  [1m[35m (0.2ms)[0m  [1m[34mSELECT "schema_migrations"."version" FROM "schema_migrations" ORDER BY "schema_migrations"."version" ASC[0m
Processing by StaticPagesController#home as HTML
  [1m[36mPlayer Load (0.2ms)[0m  [1m[34mSELECT  "players".* FROM "players" WHERE "players"."id" = ? LIMIT ?[0m  [["id", 1], ["LIMIT", 1]]
  Rendering static_pages/home.html.erb within layouts/application
  Rendered layouts/_header.html.erb (0.7ms)
  Rendered layouts/_side_nav.html.erb (0.5ms)
  [1m[36mPlayer Load (0.1ms)[0m  [1m[34mSELECT  "players".* FROM "players" WHERE "players"."id" = ? LIMIT ?[0m  [["id", 1], ["LIMIT", 1]]
  Rendered static_pages/home.html.erb within layouts/application (59.0ms)
Completed 200 OK in 4139ms (Views: 4109.9ms | ActiveRecord: 0.6ms)


Started GET "/cable" for 127.0.0.1 at 2018-04-01 13:17:22 -0700
Started GET "/cable/" [WebSocket] for 127.0.0.1 at 2018-04-01 13:17:22 -0700
Successfully upgraded to WebSocket (REQUEST_METHOD: GET, HTTP_CONNECTION: keep-alive, Upgrade, HTTP_UPGRADE: websocket)
CaptureChannel is transmitting the subscription confirmation
CaptureChannel is streaming from capture_channel
Finished "/cable/" [WebSocket] for 127.0.0.1 at 2018-04-01 13:17:25 -0700
CaptureChannel stopped streaming from capture_channel
